<?xml version="1.0" encoding="UTF-8"?>
<!-- Generated by org.testng.reporters.JUnitXMLReporter -->
<testsuite hostname="LAPTOP-SCTI6QKF" ignored="0" name="Default test" tests="4" failures="0" timestamp="2022-08-03T16:20:29 IST" time="59.961" errors="0">
  <testcase name="InvalidLogin3" time="8.48" classname="com.obsqura.scripts.TestClass"/>
  <testcase name="InvalidLogin2" time="1.083" classname="com.obsqura.scripts.TestClass"/>
  <testcase name="InvalidLogin1" time="2.235" classname="com.obsqura.scripts.TestClass"/>
  <testcase name="verifyLogin" time="10.143" classname="com.obsqura.scripts.TestClass"/>
</testsuite> <!-- Default test -->
